#
# A fatal error has been detected by the Java Runtime Environment:
#
#  SIGSEGV (0xb) at pc=0x00007f91b50693fa, pid=32271, tid=140262738814720
#
# JRE version: OpenJDK Runtime Environment (8.0_91-b14) (build 1.8.0_91-8u91-b14-0ubuntu4~16.04.1-b14)
# Java VM: OpenJDK 64-Bit Server VM (25.91-b14 mixed mode linux-amd64 compressed oops)
# Problematic frame:
# v  ~BufferBlob::jni_fast_GetLongField
#
# Failed to write core dump. Core dumps have been disabled. To enable core dumping, try "ulimit -c unlimited" before starting Java again
#
# If you would like to submit a bug report, please visit:
#   http://bugreport.java.com/bugreport/crash.jsp
# The crash happened outside the Java Virtual Machine in native code.
# See problematic frame for where to report the bug.
#

---------------  T H R E A D  ---------------

Current thread (0x00007f91c4292800):  JavaThread "AWT-XAWT" daemon [_thread_in_native, id=32303, stack(0x00007f9176a8e000,0x00007f9176b8f000)]

siginfo: si_signo: 11 (SIGSEGV), si_code: 1 (SEGV_MAPERR), si_addr: 0x0000000000000000

Registers:
RAX=0x00007f91ca81be80, RBX=0x00007f91c42929e0, RCX=0x0000000000000000, RDX=0x0000000000000042
RSP=0x00007f9176b8d848, RBP=0x00007f9176b8d870, RSI=0x0000000000000000, RDI=0x00007f91c42929e0
R8 =0x000000008bbb5608, R9 =0x0000000000000000, R10=0x0000000000000148, R11=0x000000008bbb8a98
R12=0x00007f9160054ce0, R13=0x0000000000000000, R14=0x00007f91acc09b00, R15=0x00007f91c4292800
RIP=0x00007f91b50693fa, EFLAGS=0x0000000000010246, CSGSFS=0x002b000000000033, ERR=0x0000000000000004
  TRAPNO=0x000000000000000e

Top of Stack: (sp=0x00007f9176b8d848)
0x00007f9176b8d848:   00007f91ac9e6f34 00007f9176b8d990
0x00007f9176b8d858:   00007f9160054ce0 00007f91b53d14b8
0x00007f9176b8d868:   00007f9176b8d8f0 0000000000000000
0x00007f9176b8d878:   00007f91ac48c3c0 00007f9176b8d990
0x00007f9176b8d888:   00007f9176b8d8b0 0000000000000000
0x00007f9176b8d898:   00007f91ac483f93 00007f91b53d14b8
0x00007f9176b8d8a8:   00007f91ac9decaf 00007f9176b8d900
0x00007f9176b8d8b8:   00007f91b5388036 000000008b9cdeb8
0x00007f9176b8d8c8:   000000008b9d2798 00007f91b02ffce0
0x00007f9176b8d8d8:   0000000000000000 00007f9176b8d910
0x00007f9176b8d8e8:   0000000000000031 000000008b9a3958
0x00007f9176b8d8f8:   000000008bbb57d0 0000000000000320
0x00007f9176b8d908:   00007f91b53d0858 0000000100095738
0x00007f9176b8d918:   8bc2b47000000000 000000010011e880
0x00007f9176b8d928:   000000008b9cdeb8 000000008bbb57d0
0x00007f9176b8d938:   0000000100010e58 0000000100015ae0
0x00007f9176b8d948:   000000008bc2b470 0000000000400003
0x00007f9176b8d958:   000000008bc2b470 000000008bc2b1d8
0x00007f9176b8d968:   00000000d935e750 00007f9176b8da00
0x00007f9176b8d978:   00007f9164000e30 0000000000000000
0x00007f9176b8d988:   00007f9164000e30 0000000000000031
0x00007f9176b8d998:   0000000000000000 00007f9176b8da00
0x00007f9176b8d9a8:   00007f91b5007ffd deaddeaf00000000
0x00007f9176b8d9b8:   000000008b9cdeb8 00007f9176b8d9c0
0x00007f9176b8d9c8:   00007f91b00835ed 00007f9176b8da10
0x00007f9176b8d9d8:   00007f91b008cc28 0000000000000000
0x00007f9176b8d9e8:   00007f91b00835f8 00007f9176b8d9b0
0x00007f9176b8d9f8:   00007f9176b8da10 00007f9176b8da58
0x00007f9176b8da08:   00007f91b5008042 000000008b9cdeb8
0x00007f9176b8da18:   00007f9176b8da18 00007f91afc608db
0x00007f9176b8da28:   00007f9176b8da68 00007f91afce7dd8
0x00007f9176b8da38:   0000000000000000 00007f91afc608e8 

Instructions: (pc=0x00007f91b50693fa)
0x00007f91b50693da:   00 00 00 00 00 00 44 8b 15 ed f4 7d 15 4c 8b ce
0x00007f91b50693ea:   41 f6 c2 01 0f 85 2e 00 00 00 4d 33 ca 4d 33 ca
0x00007f91b50693fa:   4d 8b 09 4c 8b da 49 c1 eb 02 4b 8b 04 19 49 bb
0x00007f91b506940a:   d4 88 84 ca 91 7f 00 00 4c 33 d8 4c 33 d8 45 3b 

Register to memory mapping:

RAX=0x00007f91ca81be80: <offset 0xee7e80> in /usr/lib/jvm/java-8-openjdk-amd64/jre/lib/amd64/server/libjvm.so at 0x00007f91c9934000
RBX=0x00007f91c42929e0 is an unknown value
RCX=0x0000000000000000 is an unknown value
RDX=0x0000000000000042 is an unknown value
RSP=0x00007f9176b8d848 is pointing into the stack for thread: 0x00007f91c4292800
RBP=0x00007f9176b8d870 is pointing into the stack for thread: 0x00007f91c4292800
RSI=0x0000000000000000 is an unknown value
RDI=0x00007f91c42929e0 is an unknown value
R8 =0x000000008bbb5608 is an oop
[I 
 - klass: {type array int}
 - length: 9
R9 =0x0000000000000000 is an unknown value
R10=0x0000000000000148 is an unknown value
R11=0x000000008bbb8a98 is an oop
sun.util.logging.PlatformLogger$Level 
 - klass: 'sun/util/logging/PlatformLogger$Level'
R12=0x00007f9160054ce0 is an unknown value
R13=0x0000000000000000 is an unknown value
R14=0x00007f91acc09b00: <offset 0x258b00> in /usr/lib/jvm/java-8-openjdk-amd64/jre/lib/amd64/libawt_xawt.so at 0x00007f91ac9b1000
R15=0x00007f91c4292800 is a thread


Stack: [0x00007f9176a8e000,0x00007f9176b8f000],  sp=0x00007f9176b8d848,  free space=1022k
Native frames: (J=compiled Java code, j=interpreted, Vv=VM code, C=native code)
v  ~BufferBlob::jni_fast_GetLongField
C  [libX11.so.6+0x643c0]  _XimServerDestroy+0x70

Java frames: (J=compiled Java code, j=interpreted, Vv=VM code)
J 1000  sun.awt.X11.XlibWrapper.XFilterEvent(JJ)Z (0 bytes) @ 0x00007f91b5387fc4 [0x00007f91b5387f80+0x44]
J 1011% C2 sun.awt.X11.XToolkit.run(Z)V (410 bytes) @ 0x00007f91b53d0858 [0x00007f91b53cfd40+0xb18]
j  sun.awt.X11.XToolkit.run()V+5
j  java.lang.Thread.run()V+11
v  ~StubRoutines::call_stub

---------------  P R O C E S S  ---------------

Java Threads: ( => current thread )
  0x00007f914c001000 JavaThread "XToolkt-Shutdown-Thread" [_thread_in_vm, id=26123, stack(0x00007f9175a09000,0x00007f9175b0a000)]
  0x00007f9188003800 JavaThread "SIGTERM handler" daemon [_thread_blocked, id=26113, stack(0x00007f9175b0a000,0x00007f9175c0b000)]
  0x00007f9188002000 JavaThread "SIGTERM handler" daemon [_thread_blocked, id=26112, stack(0x00007f9175c0b000,0x00007f9175d0c000)]
  0x00007f9188001000 JavaThread "SIGHUP handler" daemon [_thread_blocked, id=26110, stack(0x00007f917698d000,0x00007f9176a8e000)]
  0x00007f91c400a800 JavaThread "DestroyJavaVM" [_thread_blocked, id=32273, stack(0x00007f91cb557000,0x00007f91cb658000)]
  0x00007f91c42ed000 JavaThread "TimerQueue" daemon [_thread_blocked, id=32312, stack(0x00007f9175f0c000,0x00007f917600d000)]
  0x00007f916400a000 JavaThread "AWT-EventQueue-0" [_thread_blocked, id=32306, stack(0x00007f917658b000,0x00007f917668c000)]
  0x00007f91c42e0800 JavaThread "AWT-Shutdown" [_thread_blocked, id=32305, stack(0x00007f917668c000,0x00007f917678d000)]
=>0x00007f91c4292800 JavaThread "AWT-XAWT" daemon [_thread_in_native, id=32303, stack(0x00007f9176a8e000,0x00007f9176b8f000)]
  0x00007f91c4272000 JavaThread "Java2D Disposer" daemon [_thread_blocked, id=32302, stack(0x00007f9176f9f000,0x00007f91770a0000)]
  0x00007f91c4178000 JavaThread "Monitor Ctrl-Break" daemon [_thread_in_native, id=32301, stack(0x00007f91ad3f4000,0x00007f91ad4f5000)]
  0x00007f91c40b9800 JavaThread "Service Thread" daemon [_thread_blocked, id=32293, stack(0x00007f91ad849000,0x00007f91ad94a000)]
  0x00007f91c40b2800 JavaThread "C1 CompilerThread2" daemon [_thread_blocked, id=32292, stack(0x00007f91ad94a000,0x00007f91ada4b000)]
  0x00007f91c40b0800 JavaThread "C2 CompilerThread1" daemon [_thread_blocked, id=32291, stack(0x00007f91ada4b000,0x00007f91adb4c000)]
  0x00007f91c40ad800 JavaThread "C2 CompilerThread0" daemon [_thread_blocked, id=32290, stack(0x00007f91adb4c000,0x00007f91adc4d000)]
  0x00007f91c40ab800 JavaThread "Signal Dispatcher" daemon [_thread_blocked, id=32289, stack(0x00007f91adc4d000,0x00007f91add4e000)]
  0x00007f91c4084000 JavaThread "Finalizer" daemon [_thread_blocked, id=32287, stack(0x00007f91ae70d000,0x00007f91ae80e000)]
  0x00007f91c407f800 JavaThread "Reference Handler" daemon [_thread_blocked, id=32285, stack(0x00007f91ae80e000,0x00007f91ae90f000)]

Other Threads:
  0x00007f91c4078000 VMThread [stack: 0x00007f91ae90f000,0x00007f91aea10000] [id=32283]
  0x00007f91c40bc000 WatcherThread [stack: 0x00007f91ad748000,0x00007f91ad849000] [id=32294]

VM state:not at safepoint (normal execution)

VM Mutex/Monitor currently owned by a thread: None

Heap:
 PSYoungGen      total 24064K, used 10805K [0x00000000d9200000, 0x00000000daa80000, 0x0000000100000000)
  eden space 23552K, 45% used [0x00000000d9200000,0x00000000d9c7d558,0x00000000da900000)
  from space 512K, 12% used [0x00000000daa00000,0x00000000daa10000,0x00000000daa80000)
  to   space 512K, 0% used [0x00000000da980000,0x00000000da980000,0x00000000daa00000)
 ParOldGen       total 80896K, used 7310K [0x000000008b600000, 0x0000000090500000, 0x00000000d9200000)
  object space 80896K, 9% used [0x000000008b600000,0x000000008bd239a8,0x0000000090500000)
 Metaspace       used 11282K, capacity 11482K, committed 11904K, reserved 1060864K
  class space    used 1212K, capacity 1287K, committed 1408K, reserved 1048576K

Card table byte_map: [0x00007f91b489a000,0x00007f91b4c40000] byte_map_base: 0x00007f91b443f000

Marking Bits: (ParMarkBitMap*) 0x00007f91ca847fc0
 Begin Bits: [0x00007f91b07d8000, 0x00007f91b2500000)
 End Bits:   [0x00007f91b2500000, 0x00007f91b4228000)

Polling page: 0x00007f91cb699000

CodeCache: size=245760Kb used=3948Kb max_used=3962Kb free=241811Kb
 bounds [0x00007f91b5000000, 0x00007f91b53f0000, 0x00007f91c4000000]
 total_blobs=1534 nmethods=1010 adapters=439
 compilation: enabled

Compilation events (10 events):
Event: 74137.700 Thread 0x00007f91c40ad800 1016 % !   4       javax.swing.TimerQueue::run @ 9 (237 bytes)
Event: 74137.729 Thread 0x00007f91c40ad800 nmethod 1016% 0x00007f91b53de690 code [0x00007f91b53dea20, 0x00007f91b53dfc58]
Event: 119658.196 Thread 0x00007f91c40b2800 1017   !   3       javax.swing.TimerQueue::addTimer (82 bytes)
Event: 119658.213 Thread 0x00007f91c40b2800 nmethod 1017 0x00007f91b53c9090 code [0x00007f91b53c9280, 0x00007f91b53c9b78]
Event: 119676.888 Thread 0x00007f91c40b0800 1018       4       java.util.PriorityQueue::offer (72 bytes)
Event: 119676.946 Thread 0x00007f91c40b0800 nmethod 1018 0x00007f91b5114910 code [0x00007f91b5114a60, 0x00007f91b5114bb8]
Event: 119676.970 Thread 0x00007f91c40ad800 1019       4       java.util.concurrent.locks.AbstractQueuedSynchronizer$ConditionObject::doSignal (43 bytes)
Event: 119676.978 Thread 0x00007f91c40ad800 nmethod 1019 0x00007f91b510b250 code [0x00007f91b510b3c0, 0x00007f91b510b5d8]
Event: 119759.719 Thread 0x00007f91c40b0800 1020   !   4       javax.swing.TimerQueue::addTimer (82 bytes)
Event: 119759.764 Thread 0x00007f91c40b0800 nmethod 1020 0x00007f91b53e2d90 code [0x00007f91b53e2fc0, 0x00007f91b53e3b70]

GC Heap History (10 events):
Event: 116126.715 GC heap before
{Heap before GC invocations=132 (full 0):
 PSYoungGen      total 24064K, used 23616K [0x00000000d9200000, 0x00000000daa80000, 0x0000000100000000)
  eden space 23552K, 100% used [0x00000000d9200000,0x00000000da900000,0x00000000da900000)
  from space 512K, 12% used [0x00000000da980000,0x00000000da990000,0x00000000daa00000)
  to   space 512K, 0% used [0x00000000daa00000,0x00000000daa00000,0x00000000daa80000)
 ParOldGen       total 80896K, used 7310K [0x000000008b600000, 0x0000000090500000, 0x00000000d9200000)
  object space 80896K, 9% used [0x000000008b600000,0x000000008bd239a8,0x0000000090500000)
 Metaspace       used 11270K, capacity 11482K, committed 11904K, reserved 1060864K
  class space    used 1211K, capacity 1287K, committed 1408K, reserved 1048576K
Event: 116126.718 GC heap after
Heap after GC invocations=132 (full 0):
 PSYoungGen      total 24064K, used 32K [0x00000000d9200000, 0x00000000daa80000, 0x0000000100000000)
  eden space 23552K, 0% used [0x00000000d9200000,0x00000000d9200000,0x00000000da900000)
  from space 512K, 6% used [0x00000000daa00000,0x00000000daa08000,0x00000000daa80000)
  to   space 512K, 0% used [0x00000000da980000,0x00000000da980000,0x00000000daa00000)
 ParOldGen       total 80896K, used 7310K [0x000000008b600000, 0x0000000090500000, 0x00000000d9200000)
  object space 80896K, 9% used [0x000000008b600000,0x000000008bd239a8,0x0000000090500000)
 Metaspace       used 11270K, capacity 11482K, committed 11904K, reserved 1060864K
  class space    used 1211K, capacity 1287K, committed 1408K, reserved 1048576K
}
Event: 116986.668 GC heap before
{Heap before GC invocations=133 (full 0):
 PSYoungGen      total 24064K, used 23584K [0x00000000d9200000, 0x00000000daa80000, 0x0000000100000000)
  eden space 23552K, 100% used [0x00000000d9200000,0x00000000da900000,0x00000000da900000)
  from space 512K, 6% used [0x00000000daa00000,0x00000000daa08000,0x00000000daa80000)
  to   space 512K, 0% used [0x00000000da980000,0x00000000da980000,0x00000000daa00000)
 ParOldGen       total 80896K, used 7310K [0x000000008b600000, 0x0000000090500000, 0x00000000d9200000)
  object space 80896K, 9% used [0x000000008b600000,0x000000008bd239a8,0x0000000090500000)
 Metaspace       used 11270K, capacity 11482K, committed 11904K, reserved 1060864K
  class space    used 1211K, capacity 1287K, committed 1408K, reserved 1048576K
Event: 116986.671 GC heap after
Heap after GC invocations=133 (full 0):
 PSYoungGen      total 24064K, used 64K [0x00000000d9200000, 0x00000000daa80000, 0x0000000100000000)
  eden space 23552K, 0% used [0x00000000d9200000,0x00000000d9200000,0x00000000da900000)
  from space 512K, 12% used [0x00000000da980000,0x00000000da990000,0x00000000daa00000)
  to   space 512K, 0% used [0x00000000daa00000,0x00000000daa00000,0x00000000daa80000)
 ParOldGen       total 80896K, used 7310K [0x000000008b600000, 0x0000000090500000, 0x00000000d9200000)
  object space 80896K, 9% used [0x000000008b600000,0x000000008bd239a8,0x0000000090500000)
 Metaspace       used 11270K, capacity 11482K, committed 11904K, reserved 1060864K
  class space    used 1211K, capacity 1287K, committed 1408K, reserved 1048576K
}
Event: 117846.770 GC heap before
{Heap before GC invocations=134 (full 0):
 PSYoungGen      total 24064K, used 23616K [0x00000000d9200000, 0x00000000daa80000, 0x0000000100000000)
  eden space 23552K, 100% used [0x00000000d9200000,0x00000000da900000,0x00000000da900000)
  from space 512K, 12% used [0x00000000da980000,0x00000000da990000,0x00000000daa00000)
  to   space 512K, 0% used [0x00000000daa00000,0x00000000daa00000,0x00000000daa80000)
 ParOldGen       total 80896K, used 7310K [0x000000008b600000, 0x0000000090500000, 0x00000000d9200000)
  object space 80896K, 9% used [0x000000008b600000,0x000000008bd239a8,0x0000000090500000)
 Metaspace       used 11270K, capacity 11482K, committed 11904K, reserved 1060864K
  class space    used 1211K, capacity 1287K, committed 1408K, reserved 1048576K
Event: 117846.772 GC heap after
Heap after GC invocations=134 (full 0):
 PSYoungGen      total 24064K, used 64K [0x00000000d9200000, 0x00000000daa80000, 0x0000000100000000)
  eden space 23552K, 0% used [0x00000000d9200000,0x00000000d9200000,0x00000000da900000)
  from space 512K, 12% used [0x00000000daa00000,0x00000000daa10000,0x00000000daa80000)
  to   space 512K, 0% used [0x00000000da980000,0x00000000da980000,0x00000000daa00000)
 ParOldGen       total 80896K, used 7310K [0x000000008b600000, 0x0000000090500000, 0x00000000d9200000)
  object space 80896K, 9% used [0x000000008b600000,0x000000008bd239a8,0x0000000090500000)
 Metaspace       used 11270K, capacity 11482K, committed 11904K, reserved 1060864K
  class space    used 1211K, capacity 1287K, committed 1408K, reserved 1048576K
}
Event: 118707.675 GC heap before
{Heap before GC invocations=135 (full 0):
 PSYoungGen      total 24064K, used 23616K [0x00000000d9200000, 0x00000000daa80000, 0x0000000100000000)
  eden space 23552K, 100% used [0x00000000d9200000,0x00000000da900000,0x00000000da900000)
  from space 512K, 12% used [0x00000000daa00000,0x00000000daa10000,0x00000000daa80000)
  to   space 512K, 0% used [0x00000000da980000,0x00000000da980000,0x00000000daa00000)
 ParOldGen       total 80896K, used 7310K [0x000000008b600000, 0x0000000090500000, 0x00000000d9200000)
  object space 80896K, 9% used [0x000000008b600000,0x000000008bd239a8,0x0000000090500000)
 Metaspace       used 11270K, capacity 11482K, committed 11904K, reserved 1060864K
  class space    used 1211K, capacity 1287K, committed 1408K, reserved 1048576K
Event: 118707.676 GC heap after
Heap after GC invocations=135 (full 0):
 PSYoungGen      total 24064K, used 64K [0x00000000d9200000, 0x00000000daa80000, 0x0000000100000000)
  eden space 23552K, 0% used [0x00000000d9200000,0x00000000d9200000,0x00000000da900000)
  from space 512K, 12% used [0x00000000da980000,0x00000000da990000,0x00000000daa00000)
  to   space 512K, 0% used [0x00000000daa00000,0x00000000daa00000,0x00000000daa80000)
 ParOldGen       total 80896K, used 7310K [0x000000008b600000, 0x0000000090500000, 0x00000000d9200000)
  object space 80896K, 9% used [0x000000008b600000,0x000000008bd239a8,0x0000000090500000)
 Metaspace       used 11270K, capacity 11482K, committed 11904K, reserved 1060864K
  class space    used 1211K, capacity 1287K, committed 1408K, reserved 1048576K
}
Event: 119567.166 GC heap before
{Heap before GC invocations=136 (full 0):
 PSYoungGen      total 24064K, used 23616K [0x00000000d9200000, 0x00000000daa80000, 0x0000000100000000)
  eden space 23552K, 100% used [0x00000000d9200000,0x00000000da900000,0x00000000da900000)
  from space 512K, 12% used [0x00000000da980000,0x00000000da990000,0x00000000daa00000)
  to   space 512K, 0% used [0x00000000daa00000,0x00000000daa00000,0x00000000daa80000)
 ParOldGen       total 80896K, used 7310K [0x000000008b600000, 0x0000000090500000, 0x00000000d9200000)
  object space 80896K, 9% used [0x000000008b600000,0x000000008bd239a8,0x0000000090500000)
 Metaspace       used 11270K, capacity 11482K, committed 11904K, reserved 1060864K
  class space    used 1211K, capacity 1287K, committed 1408K, reserved 1048576K
Event: 119567.169 GC heap after
Heap after GC invocations=136 (full 0):
 PSYoungGen      total 24064K, used 64K [0x00000000d9200000, 0x00000000daa80000, 0x0000000100000000)
  eden space 23552K, 0% used [0x00000000d9200000,0x00000000d9200000,0x00000000da900000)
  from space 512K, 12% used [0x00000000daa00000,0x00000000daa10000,0x00000000daa80000)
  to   space 512K, 0% used [0x00000000da980000,0x00000000da980000,0x00000000daa00000)
 ParOldGen       total 80896K, used 7310K [0x000000008b600000, 0x0000000090500000, 0x00000000d9200000)
  object space 80896K, 9% used [0x000000008b600000,0x000000008bd239a8,0x0000000090500000)
 Metaspace       used 11270K, capacity 11482K, committed 11904K, reserved 1060864K
  class space    used 1211K, capacity 1287K, committed 1408K, reserved 1048576K
}

Deoptimization events (2 events):
Event: 73167.959 Thread 0x00007f91c42ed000 Uncommon trap: reason=unstable_if action=reinterpret pc=0x00007f91b538e518 method=javax.swing.Timer.post()V @ 9
Event: 119655.564 Thread 0x00007f91c42ed000 Uncommon trap: reason=unstable_if action=reinterpret pc=0x00007f91b5375838 method=java.util.concurrent.locks.AbstractQueuedSynchronizer$ConditionObject.signal()V @ 24

Internal exceptions (10 events):
Event: 0.222 Thread 0x00007f91c400a800 Exception <a 'java/lang/NoSuchFieldError': method resolution failed> (0x00000000d94b4e98) thrown at [/build/openjdk-8-6lTAoN/openjdk-8-8u91-b14/src/hotspot/src/share/vm/prims/methodHandles.cpp, line 1146]
Event: 0.225 Thread 0x00007f91c400a800 Exception <a 'java/lang/NoSuchFieldError': method resolution failed> (0x00000000d94c2618) thrown at [/build/openjdk-8-6lTAoN/openjdk-8-8u91-b14/src/hotspot/src/share/vm/prims/methodHandles.cpp, line 1146]
Event: 0.256 Thread 0x00007f91c400a800 Exception <a 'java/io/FileNotFoundException'> (0x00000000d95419a0) thrown at [/build/openjdk-8-6lTAoN/openjdk-8-8u91-b14/src/hotspot/src/share/vm/prims/jni.cpp, line 709]
Event: 0.256 Thread 0x00007f91c400a800 Exception <a 'java/io/FileNotFoundException'> (0x00000000d95423c8) thrown at [/build/openjdk-8-6lTAoN/openjdk-8-8u91-b14/src/hotspot/src/share/vm/prims/jni.cpp, line 709]
Event: 0.272 Thread 0x00007f91c400a800 Exception <a 'java/lang/ClassNotFoundException': sun/dc/DuctusRenderingEngine> (0x00000000d9554dc0) thrown at [/build/openjdk-8-6lTAoN/openjdk-8-8u91-b14/src/hotspot/src/share/vm/classfile/systemDictionary.cpp, line 210]
Event: 0.596 Thread 0x00007f91c4297000 Exception <a 'java/lang/InterruptedException': sleep interrupted> (0x00000000d9b313b0) thrown at [/build/openjdk-8-6lTAoN/openjdk-8-8u91-b14/src/hotspot/src/share/vm/prims/jvm.cpp, line 3167]
Event: 1.029 Thread 0x00007f916400a000 Exception <a 'java/lang/UnsupportedOperationException': > (0x00000000d9ce56b0) thrown at [/build/openjdk-8-6lTAoN/openjdk-8-8u91-b14/src/hotspot/src/share/vm/prims/jni.cpp, line 735]
Event: 1.748 Thread 0x00007f91c4297000 Exception <a 'java/lang/InterruptedException': sleep interrupted> (0x00000000d9b46a90) thrown at [/build/openjdk-8-6lTAoN/openjdk-8-8u91-b14/src/hotspot/src/share/vm/prims/jvm.cpp, line 3167]
Event: 6.822 Thread 0x00007f91c4297000 Exception <a 'java/lang/InterruptedException': sleep interrupted> (0x00000000d9b60d28) thrown at [/build/openjdk-8-6lTAoN/openjdk-8-8u91-b14/src/hotspot/src/share/vm/prims/jvm.cpp, line 3167]
Event: 119655.546 Thread 0x00007f91c42ed000 Implicit null exception at 0x00007f91b5374fb8 to 0x00007f91b537581d

Events (10 events):
Event: 118707.676 Executing VM operation: ParallelGCFailedAllocation done
Event: 119567.164 Executing VM operation: ParallelGCFailedAllocation
Event: 119567.169 Executing VM operation: ParallelGCFailedAllocation done
Event: 119655.561 Thread 0x00007f91c42ed000 Uncommon trap: trap_request=0xffffff65 fr.pc=0x00007f91b5375838
Event: 119655.570 Thread 0x00007f91c42ed000 DEOPT PACKING pc=0x00007f91b5375838 sp=0x00007f917600b960
Event: 119655.575 Thread 0x00007f91c42ed000 DEOPT UNPACKING pc=0x00007f91b5004f69 sp=0x00007f917600b7f0 mode 2
Event: 119931.633 loading class sun/awt/X11/XDestroyWindowEvent
Event: 119931.701 loading class sun/awt/X11/XDestroyWindowEvent done
Event: 119932.177 loading class sun/misc/Signal$1
Event: 119932.257 loading class sun/misc/Signal$1 done


Dynamic libraries:
00400000-00401000 r-xp 00000000 08:05 3806986                            /usr/lib/jvm/java-8-openjdk-amd64/jre/bin/java
00600000-00601000 r--p 00000000 08:05 3806986                            /usr/lib/jvm/java-8-openjdk-amd64/jre/bin/java
00601000-00602000 rw-p 00001000 08:05 3806986                            /usr/lib/jvm/java-8-openjdk-amd64/jre/bin/java
01997000-019b8000 rw-p 00000000 00:00 0                                  [heap]
8b600000-90500000 rw-p 00000000 00:00 0 
90500000-d9200000 ---p 00000000 00:00 0 
d9200000-daa80000 rw-p 00000000 00:00 0 
daa80000-100000000 ---p 00000000 00:00 0 
100000000-100160000 rw-p 00000000 00:00 0 
100160000-140000000 ---p 00000000 00:00 0 
7f914c000000-7f914c021000 rw-p 00000000 00:00 0 
7f914c021000-7f9150000000 ---p 00000000 00:00 0 
7f9150000000-7f9150021000 rw-p 00000000 00:00 0 
7f9150021000-7f9154000000 ---p 00000000 00:00 0 
7f9154000000-7f9154021000 rw-p 00000000 00:00 0 
7f9154021000-7f9158000000 ---p 00000000 00:00 0 
7f9158000000-7f9158021000 rw-p 00000000 00:00 0 
7f9158021000-7f915c000000 ---p 00000000 00:00 0 
7f915c000000-7f915c021000 rw-p 00000000 00:00 0 
7f915c021000-7f9160000000 ---p 00000000 00:00 0 
7f9160000000-7f9160065000 rw-p 00000000 00:00 0 
7f9160065000-7f9164000000 ---p 00000000 00:00 0 
7f9164000000-7f9164025000 rw-p 00000000 00:00 0 
7f9164025000-7f9168000000 ---p 00000000 00:00 0 
7f9168000000-7f9168066000 rw-p 00000000 00:00 0 
7f9168066000-7f916c000000 ---p 00000000 00:00 0 
7f916c000000-7f916c021000 rw-p 00000000 00:00 0 
7f916c021000-7f9170000000 ---p 00000000 00:00 0 
7f9170000000-7f9170021000 rw-p 00000000 00:00 0 
7f9170021000-7f9174000000 ---p 00000000 00:00 0 
7f9175a09000-7f9175a0c000 ---p 00000000 00:00 0 
7f9175a0c000-7f9175b0a000 rw-p 00000000 00:00 0 
7f9175b0a000-7f9175b0d000 ---p 00000000 00:00 0 
7f9175b0d000-7f9175c0b000 rw-p 00000000 00:00 0 
7f9175c0b000-7f9175c0e000 ---p 00000000 00:00 0 
7f9175c0e000-7f9175d4c000 rw-p 00000000 00:00 0 
7f9175d4c000-7f9175f0c000 ---p 00000000 00:00 0 
7f9175f0c000-7f9175f0f000 ---p 00000000 00:00 0 
7f9175f0f000-7f917600d000 rw-p 00000000 00:00 0 
7f917600d000-7f917601e000 r-xp 00000000 08:05 3414094                    /usr/lib/jvm/java-8-openjdk-amd64/jre/lib/amd64/libnio.so
7f917601e000-7f917621e000 ---p 00011000 08:05 3414094                    /usr/lib/jvm/java-8-openjdk-amd64/jre/lib/amd64/libnio.so
7f917621e000-7f917621f000 r--p 00011000 08:05 3414094                    /usr/lib/jvm/java-8-openjdk-amd64/jre/lib/amd64/libnio.so
7f917621f000-7f9176220000 rw-p 00012000 08:05 3414094                    /usr/lib/jvm/java-8-openjdk-amd64/jre/lib/amd64/libnio.so
7f91762ee000-7f91764be000 rw-s 00000000 00:05 110592017                  /SYSV00000000 (deleted)
7f917658b000-7f917658e000 ---p 00000000 00:00 0 
7f917658e000-7f917668c000 rw-p 00000000 00:00 0 
7f917668c000-7f917668f000 ---p 00000000 00:00 0 
7f917668f000-7f917698d000 rw-p 00000000 00:00 0 
7f917698d000-7f9176990000 ---p 00000000 00:00 0 
7f9176990000-7f9176a8e000 rw-p 00000000 00:00 0 
7f9176a8e000-7f9176a91000 ---p 00000000 00:00 0 
7f9176a91000-7f9176b8f000 rw-p 00000000 00:00 0 
7f9176b8f000-7f9176b94000 r-xp 00000000 08:05 2891735                    /usr/lib/x86_64-linux-gnu/libXfixes.so.3.1.0
7f9176b94000-7f9176d93000 ---p 00005000 08:05 2891735                    /usr/lib/x86_64-linux-gnu/libXfixes.so.3.1.0
7f9176d93000-7f9176d94000 r--p 00004000 08:05 2891735                    /usr/lib/x86_64-linux-gnu/libXfixes.so.3.1.0
7f9176d94000-7f9176d95000 rw-p 00005000 08:05 2891735                    /usr/lib/x86_64-linux-gnu/libXfixes.so.3.1.0
7f9176d95000-7f9176d9e000 r-xp 00000000 08:05 2891727                    /usr/lib/x86_64-linux-gnu/libXcursor.so.1.0.2
7f9176d9e000-7f9176f9d000 ---p 00009000 08:05 2891727                    /usr/lib/x86_64-linux-gnu/libXcursor.so.1.0.2
7f9176f9d000-7f9176f9e000 r--p 00008000 08:05 2891727                    /usr/lib/x86_64-linux-gnu/libXcursor.so.1.0.2
7f9176f9e000-7f9176f9f000 rw-p 00009000 08:05 2891727                    /usr/lib/x86_64-linux-gnu/libXcursor.so.1.0.2
7f9176f9f000-7f9176fa2000 ---p 00000000 00:00 0 
7f9176fa2000-7f91770a0000 rw-p 00000000 00:00 0 
7f91770a0000-7f91770c4000 r-xp 00000000 08:05 3412543                    /lib/x86_64-linux-gnu/libpng12.so.0.54.0
7f91770c4000-7f91772c3000 ---p 00024000 08:05 3412543                    /lib/x86_64-linux-gnu/libpng12.so.0.54.0
7f91772c3000-7f91772c4000 r--p 00023000 08:05 3412543                    /lib/x86_64-linux-gnu/libpng12.so.0.54.0
7f91772c4000-7f91772c5000 rw-p 00024000 08:05 3412543                    /lib/x86_64-linux-gnu/libpng12.so.0.54.0
7f91772c5000-7f9177369000 r-xp 00000000 08:05 2892150                    /usr/lib/x86_64-linux-gnu/libfreetype.so.6.12.1
7f9177369000-7f9177568000 ---p 000a4000 08:05 2892150                    /usr/lib/x86_64-linux-gnu/libfreetype.so.6.12.1
7f9177568000-7f917756e000 r--p 000a3000 08:05 2892150                    /usr/lib/x86_64-linux-gnu/libfreetype.so.6.12.1
7f917756e000-7f917756f000 rw-p 000a9000 08:05 2892150                    /usr/lib/x86_64-linux-gnu/libfreetype.so.6.12.1
7f917756f000-7f91775c1000 r-xp 00000000 08:05 3414115                    /usr/lib/jvm/java-8-openjdk-amd64/jre/lib/amd64/libfontmanager.so
7f91775c1000-7f91777c1000 ---p 00052000 08:05 3414115                    /usr/lib/jvm/java-8-openjdk-amd64/jre/lib/amd64/libfontmanager.so
7f91777c1000-7f91777c3000 r--p 00052000 08:05 3414115                    /usr/lib/jvm/java-8-openjdk-amd64/jre/lib/amd64/libfontmanager.so
7f91777c3000-7f91777c4000 rw-p 00054000 08:05 3414115                    /usr/lib/jvm/java-8-openjdk-amd64/jre/lib/amd64/libfontmanager.so
7f91777c4000-7f91777c9000 r-xp 00000000 08:05 2891731                    /usr/lib/x86_64-linux-gnu/libXdmcp.so.6.0.0
7f91777c9000-7f91779c8000 ---p 00005000 08:05 2891731                    /usr/lib/x86_64-linux-gnu/libXdmcp.so.6.0.0
7f91779c8000-7f91779c9000 r--p 00004000 08:05 2891731                    /usr/lib/x86_64-linux-gnu/libXdmcp.so.6.0.0
7f91779c9000-7f91779ca000 rw-p 00005000 08:05 2891731                    /usr/lib/x86_64-linux-gnu/libXdmcp.so.6.0.0
7f91779ca000-7f91779cc000 r-xp 00000000 08:05 2891720                    /usr/lib/x86_64-linux-gnu/libXau.so.6.0.0
7f91779cc000-7f9177bcc000 ---p 00002000 08:05 2891720                    /usr/lib/x86_64-linux-gnu/libXau.so.6.0.0
7f9177bcc000-7f9177bcd000 r--p 00002000 08:05 2891720                    /usr/lib/x86_64-linux-gnu/libXau.so.6.0.0
7f9177bcd000-7f9177bce000 rw-p 00003000 08:05 2891720                    /usr/lib/x86_64-linux-gnu/libXau.so.6.0.0
7f9177bce000-7f9177bef000 r-xp 00000000 08:05 2893098                    /usr/lib/x86_64-linux-gnu/libxcb.so.1.1.0
7f9177bef000-7f9177dee000 ---p 00021000 08:05 2893098                    /usr/lib/x86_64-linux-gnu/libxcb.so.1.1.0
7f9177dee000-7f9177def000 r--p 00020000 08:05 2893098                    /usr/lib/x86_64-linux-gnu/libxcb.so.1.1.0
7f9177def000-7f9177df0000 rw-p 00021000 08:05 2893098                    /usr/lib/x86_64-linux-gnu/libxcb.so.1.1.0
7f9177df0000-7f9177dff000 r-xp 00000000 08:05 2891741                    /usr/lib/x86_64-linux-gnu/libXi.so.6.1.0
7f9177dff000-7f9177ffe000 ---p 0000f000 08:05 2891741                    /usr/lib/x86_64-linux-gnu/libXi.so.6.1.0
7f9177ffe000-7f9177fff000 r--p 0000e000 08:05 2891741                    /usr/lib/x86_64-linux-gnu/libXi.so.6.1.0
7f9177fff000-7f9178000000 rw-p 0000f000 08:05 2891741                    /usr/lib/x86_64-linux-gnu/libXi.so.6.1.0
7f9178000000-7f9178021000 rw-p 00000000 00:00 0 
7f9178021000-7f917c000000 ---p 00000000 00:00 0 
7f917c000000-7f917c021000 rw-p 00000000 00:00 0 
7f917c021000-7f9180000000 ---p 00000000 00:00 0 
7f9180000000-7f918038a000 rw-p 00000000 00:00 0 
7f918038a000-7f9184000000 ---p 00000000 00:00 0 
7f9184000000-7f9184431000 rw-p 00000000 00:00 0 
7f9184431000-7f9188000000 ---p 00000000 00:00 0 
7f9188000000-7f9188021000 rw-p 00000000 00:00 0 
7f9188021000-7f918c000000 ---p 00000000 00:00 0 
7f918c000000-7f918cba5000 rw-p 00000000 00:00 0 
7f918cba5000-7f9190000000 ---p 00000000 00:00 0 
7f9190000000-7f9190021000 rw-p 00000000 00:00 0 
7f9190021000-7f9194000000 ---p 00000000 00:00 0 
7f9194000000-7f9194021000 rw-p 00000000 00:00 0 
7f9194021000-7f9198000000 ---p 00000000 00:00 0 
7f9198000000-7f9198021000 rw-p 00000000 00:00 0 
7f9198021000-7f919c000000 ---p 00000000 00:00 0 
7f919c000000-7f919c021000 rw-p 00000000 00:00 0 
7f919c021000-7f91a0000000 ---p 00000000 00:00 0 
7f91a0000000-7f91a0021000 rw-p 00000000 00:00 0 
7f91a0021000-7f91a4000000 ---p 00000000 00:00 0 
7f91a4000000-7f91a4021000 rw-p 00000000 00:00 0 
7f91a4021000-7f91a8000000 ---p 00000000 00:00 0 
7f91a8000000-7f91a8021000 rw-p 00000000 00:00 0 
7f91a8021000-7f91ac000000 ---p 00000000 00:00 0 
7f91ac018000-7f91ac01d000 r-xp 00000000 08:05 2891759                    /usr/lib/x86_64-linux-gnu/libXtst.so.6.1.0
7f91ac01d000-7f91ac21c000 ---p 00005000 08:05 2891759                    /usr/lib/x86_64-linux-gnu/libXtst.so.6.1.0
7f91ac21c000-7f91ac21d000 r--p 00004000 08:05 2891759                    /usr/lib/x86_64-linux-gnu/libXtst.so.6.1.0
7f91ac21d000-7f91ac21e000 rw-p 00005000 08:05 2891759                    /usr/lib/x86_64-linux-gnu/libXtst.so.6.1.0
7f91ac21e000-7f91ac227000 r-xp 00000000 08:05 2891753                    /usr/lib/x86_64-linux-gnu/libXrender.so.1.3.0
7f91ac227000-7f91ac426000 ---p 00009000 08:05 2891753                    /usr/lib/x86_64-linux-gnu/libXrender.so.1.3.0
7f91ac426000-7f91ac427000 r--p 00008000 08:05 2891753                    /usr/lib/x86_64-linux-gnu/libXrender.so.1.3.0
7f91ac427000-7f91ac428000 rw-p 00009000 08:05 2891753                    /usr/lib/x86_64-linux-gnu/libXrender.so.1.3.0
7f91ac428000-7f91ac55d000 r-xp 00000000 08:05 2891716                    /usr/lib/x86_64-linux-gnu/libX11.so.6.3.0
7f91ac55d000-7f91ac75d000 ---p 00135000 08:05 2891716                    /usr/lib/x86_64-linux-gnu/libX11.so.6.3.0
7f91ac75d000-7f91ac75e000 r--p 00135000 08:05 2891716                    /usr/lib/x86_64-linux-gnu/libX11.so.6.3.0
7f91ac75e000-7f91ac762000 rw-p 00136000 08:05 2891716                    /usr/lib/x86_64-linux-gnu/libX11.so.6.3.0
7f91ac762000-7f91ac773000 r-xp 00000000 08:05 2891733                    /usr/lib/x86_64-linux-gnu/libXext.so.6.4.0
7f91ac773000-7f91ac972000 ---p 00011000 08:05 2891733                    /usr/lib/x86_64-linux-gnu/libXext.so.6.4.0
7f91ac972000-7f91ac973000 r--p 00010000 08:05 2891733                    /usr/lib/x86_64-linux-gnu/libXext.so.6.4.0
7f91ac973000-7f91ac974000 rw-p 00011000 08:05 2891733                    /usr/lib/x86_64-linux-gnu/libXext.so.6.4.0
7f91ac9b1000-7f91aca05000 r-xp 00000000 08:05 3414088                    /usr/lib/jvm/java-8-openjdk-amd64/jre/lib/amd64/libawt_xawt.so
7f91aca05000-7f91acc05000 ---p 00054000 08:05 3414088                    /usr/lib/jvm/java-8-openjdk-amd64/jre/lib/amd64/libawt_xawt.so
7f91acc05000-7f91acc06000 r--p 00054000 08:05 3414088                    /usr/lib/jvm/java-8-openjdk-amd64/jre/lib/amd64/libawt_xawt.so
7f91acc06000-7f91acc09000 rw-p 00055000 08:05 3414088                    /usr/lib/jvm/java-8-openjdk-amd64/jre/lib/amd64/libawt_xawt.so
7f91acc09000-7f91acc0a000 rw-p 00000000 00:00 0 
7f91acc0a000-7f91accaa000 r-xp 00000000 08:05 3414119                    /usr/lib/jvm/java-8-openjdk-amd64/jre/lib/amd64/libawt.so
7f91accaa000-7f91aceaa000 ---p 000a0000 08:05 3414119                    /usr/lib/jvm/java-8-openjdk-amd64/jre/lib/amd64/libawt.so
7f91aceaa000-7f91aceab000 r--p 000a0000 08:05 3414119                    /usr/lib/jvm/java-8-openjdk-amd64/jre/lib/amd64/libawt.so
7f91aceab000-7f91aceb6000 rw-p 000a1000 08:05 3414119                    /usr/lib/jvm/java-8-openjdk-amd64/jre/lib/amd64/libawt.so
7f91aceb6000-7f91ad1dc000 rw-p 00000000 00:00 0 
7f91ad1dc000-7f91ad1f3000 r-xp 00000000 08:05 3414097                    /usr/lib/jvm/java-8-openjdk-amd64/jre/lib/amd64/libnet.so
7f91ad1f3000-7f91ad3f2000 ---p 00017000 08:05 3414097                    /usr/lib/jvm/java-8-openjdk-amd64/jre/lib/amd64/libnet.so
7f91ad3f2000-7f91ad3f3000 r--p 00016000 08:05 3414097                    /usr/lib/jvm/java-8-openjdk-amd64/jre/lib/amd64/libnet.so
7f91ad3f3000-7f91ad3f4000 rw-p 00017000 08:05 3414097                    /usr/lib/jvm/java-8-openjdk-amd64/jre/lib/amd64/libnet.so
7f91ad3f4000-7f91ad3f7000 ---p 00000000 00:00 0 
7f91ad3f7000-7f91ad4f5000 rw-p 00000000 00:00 0 
7f91ad4f5000-7f91ad4f6000 r-xp 00000000 08:05 6947356                    /home/ukimiawz/Documents/idea-IU-145.972.3/bin/libbreakgen64.so
7f91ad4f6000-7f91ad6f5000 ---p 00001000 08:05 6947356                    /home/ukimiawz/Documents/idea-IU-145.972.3/bin/libbreakgen64.so
7f91ad6f5000-7f91ad6f6000 r--p 00000000 08:05 6947356                    /home/ukimiawz/Documents/idea-IU-145.972.3/bin/libbreakgen64.so
7f91ad6f6000-7f91ad6f7000 rw-p 00001000 08:05 6947356                    /home/ukimiawz/Documents/idea-IU-145.972.3/bin/libbreakgen64.so
7f91ad6f7000-7f91ad70a000 r--s 00345000 08:05 3277202                    /usr/lib/jvm/java-8-openjdk-amd64/jre/lib/resources.jar
7f91ad70a000-7f91ad70e000 r--s 00097000 08:05 3281932                    /usr/lib/jvm/java-8-openjdk-amd64/jre/lib/jsse.jar
7f91ad70e000-7f91ad711000 r--s 00015000 08:05 3281930                    /usr/lib/jvm/java-8-openjdk-amd64/jre/lib/jce.jar
7f91ad711000-7f91ad72c000 r--s 001d7000 08:05 3671831                    /usr/lib/jvm/java-8-openjdk-amd64/jre/lib/ext/nashorn.jar
7f91ad72c000-7f91ad748000 r--s 00393000 08:05 3671827                    /usr/lib/jvm/java-8-openjdk-amd64/jre/lib/ext/cldrdata.jar
7f91ad748000-7f91ad749000 ---p 00000000 00:00 0 
7f91ad749000-7f91ad849000 rw-p 00000000 00:00 0 
7f91ad849000-7f91ad84c000 ---p 00000000 00:00 0 
7f91ad84c000-7f91ad94a000 rw-p 00000000 00:00 0 
7f91ad94a000-7f91ad94d000 ---p 00000000 00:00 0 
7f91ad94d000-7f91ada4b000 rw-p 00000000 00:00 0 
7f91ada4b000-7f91ada4e000 ---p 00000000 00:00 0 
7f91ada4e000-7f91adb4c000 rw-p 00000000 00:00 0 
7f91adb4c000-7f91adb4f000 ---p 00000000 00:00 0 
7f91adb4f000-7f91adc4d000 rw-p 00000000 00:00 0 
7f91adc4d000-7f91adc50000 ---p 00000000 00:00 0 
7f91adc50000-7f91add4e000 rw-p 00000000 00:00 0 
7f91add4e000-7f91ae70d000 r--p 00000000 08:05 2890747                    /usr/lib/locale/locale-archive
7f91ae70d000-7f91ae710000 ---p 00000000 00:00 0 
7f91ae710000-7f91ae80e000 rw-p 00000000 00:00 0 
7f91ae80e000-7f91ae811000 ---p 00000000 00:00 0 
7f91ae811000-7f91ae90f000 rw-p 00000000 00:00 0 
7f91ae90f000-7f91ae910000 ---p 00000000 00:00 0 
7f91ae910000-7f91af9f0000 rw-p 00000000 00:00 0 
7f91af9f0000-7f91afbbd000 r--s 03be7000 08:05 3281935                    /usr/lib/jvm/java-8-openjdk-amd64/jre/lib/rt.jar
7f91afbbd000-7f91b4228000 rw-p 00000000 00:00 0 
7f91b4228000-7f91b4229000 ---p 00000000 00:00 0 
7f91b4229000-7f91b4329000 rw-p 00000000 00:00 0 
7f91b4329000-7f91b432a000 ---p 00000000 00:00 0 
7f91b432a000-7f91b442a000 rw-p 00000000 00:00 0 
7f91b442a000-7f91b442b000 ---p 00000000 00:00 0 
7f91b442b000-7f91b452b000 rw-p 00000000 00:00 0 
7f91b452b000-7f91b452c000 ---p 00000000 00:00 0 
7f91b452c000-7f91b4654000 rw-p 00000000 00:00 0 
7f91b4654000-7f91b489a000 ---p 00000000 00:00 0 
7f91b489a000-7f91b48c2000 rw-p 00000000 00:00 0 
7f91b48c2000-7f91b4b08000 ---p 00000000 00:00 0 
7f91b4b08000-7f91b4b15000 rw-p 00000000 00:00 0 
7f91b4b15000-7f91b4c3f000 ---p 00000000 00:00 0 
7f91b4c3f000-7f91b4c50000 rw-p 00000000 00:00 0 
7f91b4c50000-7f91b5000000 ---p 00000000 00:00 0 
7f91b5000000-7f91b53f0000 rwxp 00000000 00:00 0 
7f91b53f0000-7f91c4000000 ---p 00000000 00:00 0 
7f91c4000000-7f91c42ef000 rw-p 00000000 00:00 0 
7f91c42ef000-7f91c8000000 ---p 00000000 00:00 0 
7f91c8000000-7f91c8002000 r--s 0001e000 08:05 6947455                    /home/ukimiawz/Documents/idea-IU-145.972.3/lib/idea_rt.jar
7f91c8002000-7f91c800a000 r-xp 00000000 08:05 3414114                    /usr/lib/jvm/java-8-openjdk-amd64/jre/lib/amd64/libzip.so
7f91c800a000-7f91c8209000 ---p 00008000 08:05 3414114                    /usr/lib/jvm/java-8-openjdk-amd64/jre/lib/amd64/libzip.so
7f91c8209000-7f91c820a000 r--p 00007000 08:05 3414114                    /usr/lib/jvm/java-8-openjdk-amd64/jre/lib/amd64/libzip.so
7f91c820a000-7f91c820b000 rw-p 00008000 08:05 3414114                    /usr/lib/jvm/java-8-openjdk-amd64/jre/lib/amd64/libzip.so
7f91c820b000-7f91c8216000 r-xp 00000000 08:05 3412501                    /lib/x86_64-linux-gnu/libnss_files-2.23.so
7f91c8216000-7f91c8415000 ---p 0000b000 08:05 3412501                    /lib/x86_64-linux-gnu/libnss_files-2.23.so
7f91c8415000-7f91c8416000 r--p 0000a000 08:05 3412501                    /lib/x86_64-linux-gnu/libnss_files-2.23.so
7f91c8416000-7f91c8417000 rw-p 0000b000 08:05 3412501                    /lib/x86_64-linux-gnu/libnss_files-2.23.so
7f91c8417000-7f91c841d000 rw-p 00000000 00:00 0 
7f91c841d000-7f91c8428000 r-xp 00000000 08:05 3412511                    /lib/x86_64-linux-gnu/libnss_nis-2.23.so
7f91c8428000-7f91c8627000 ---p 0000b000 08:05 3412511                    /lib/x86_64-linux-gnu/libnss_nis-2.23.so
7f91c8627000-7f91c8628000 r--p 0000a000 08:05 3412511                    /lib/x86_64-linux-gnu/libnss_nis-2.23.so
7f91c8628000-7f91c8629000 rw-p 0000b000 08:05 3412511                    /lib/x86_64-linux-gnu/libnss_nis-2.23.so
7f91c8629000-7f91c863f000 r-xp 00000000 08:05 3412495                    /lib/x86_64-linux-gnu/libnsl-2.23.so
7f91c863f000-7f91c883e000 ---p 00016000 08:05 3412495                    /lib/x86_64-linux-gnu/libnsl-2.23.so
7f91c883e000-7f91c883f000 r--p 00015000 08:05 3412495                    /lib/x86_64-linux-gnu/libnsl-2.23.so
7f91c883f000-7f91c8840000 rw-p 00016000 08:05 3412495                    /lib/x86_64-linux-gnu/libnsl-2.23.so
7f91c8840000-7f91c8842000 rw-p 00000000 00:00 0 
7f91c8842000-7f91c884a000 r-xp 00000000 08:05 3412497                    /lib/x86_64-linux-gnu/libnss_compat-2.23.so
7f91c884a000-7f91c8a49000 ---p 00008000 08:05 3412497                    /lib/x86_64-linux-gnu/libnss_compat-2.23.so
7f91c8a49000-7f91c8a4a000 r--p 00007000 08:05 3412497                    /lib/x86_64-linux-gnu/libnss_compat-2.23.so
7f91c8a4a000-7f91c8a4b000 rw-p 00008000 08:05 3412497                    /lib/x86_64-linux-gnu/libnss_compat-2.23.so
7f91c8a4b000-7f91c8a78000 r-xp 00000000 08:05 3414099                    /usr/lib/jvm/java-8-openjdk-amd64/jre/lib/amd64/libjava.so
7f91c8a78000-7f91c8c77000 ---p 0002d000 08:05 3414099                    /usr/lib/jvm/java-8-openjdk-amd64/jre/lib/amd64/libjava.so
7f91c8c77000-7f91c8c78000 r--p 0002c000 08:05 3414099                    /usr/lib/jvm/java-8-openjdk-amd64/jre/lib/amd64/libjava.so
7f91c8c78000-7f91c8c7a000 rw-p 0002d000 08:05 3414099                    /usr/lib/jvm/java-8-openjdk-amd64/jre/lib/amd64/libjava.so
7f91c8c7a000-7f91c8c89000 r-xp 00000000 08:05 3414091                    /usr/lib/jvm/java-8-openjdk-amd64/jre/lib/amd64/libverify.so
7f91c8c89000-7f91c8e88000 ---p 0000f000 08:05 3414091                    /usr/lib/jvm/java-8-openjdk-amd64/jre/lib/amd64/libverify.so
7f91c8e88000-7f91c8e8a000 r--p 0000e000 08:05 3414091                    /usr/lib/jvm/java-8-openjdk-amd64/jre/lib/amd64/libverify.so
7f91c8e8a000-7f91c8e8b000 rw-p 00010000 08:05 3414091                    /usr/lib/jvm/java-8-openjdk-amd64/jre/lib/amd64/libverify.so
7f91c8e8b000-7f91c8e92000 r-xp 00000000 08:05 3412556                    /lib/x86_64-linux-gnu/librt-2.23.so
7f91c8e92000-7f91c9091000 ---p 00007000 08:05 3412556                    /lib/x86_64-linux-gnu/librt-2.23.so
7f91c9091000-7f91c9092000 r--p 00006000 08:05 3412556                    /lib/x86_64-linux-gnu/librt-2.23.so
7f91c9092000-7f91c9093000 rw-p 00007000 08:05 3412556                    /lib/x86_64-linux-gnu/librt-2.23.so
7f91c9093000-7f91c90a9000 r-xp 00000000 08:05 3412440                    /lib/x86_64-linux-gnu/libgcc_s.so.1
7f91c90a9000-7f91c92a8000 ---p 00016000 08:05 3412440                    /lib/x86_64-linux-gnu/libgcc_s.so.1
7f91c92a8000-7f91c92a9000 rw-p 00015000 08:05 3412440                    /lib/x86_64-linux-gnu/libgcc_s.so.1
7f91c92a9000-7f91c93b1000 r-xp 00000000 08:05 3412472                    /lib/x86_64-linux-gnu/libm-2.23.so
7f91c93b1000-7f91c95b0000 ---p 00108000 08:05 3412472                    /lib/x86_64-linux-gnu/libm-2.23.so
7f91c95b0000-7f91c95b1000 r--p 00107000 08:05 3412472                    /lib/x86_64-linux-gnu/libm-2.23.so
7f91c95b1000-7f91c95b2000 rw-p 00108000 08:05 3412472                    /lib/x86_64-linux-gnu/libm-2.23.so
7f91c95b2000-7f91c9724000 r-xp 00000000 08:05 2896164                    /usr/lib/x86_64-linux-gnu/libstdc++.so.6.0.21
7f91c9724000-7f91c9924000 ---p 00172000 08:05 2896164                    /usr/lib/x86_64-linux-gnu/libstdc++.so.6.0.21
7f91c9924000-7f91c992e000 r--p 00172000 08:05 2896164                    /usr/lib/x86_64-linux-gnu/libstdc++.so.6.0.21
7f91c992e000-7f91c9930000 rw-p 0017c000 08:05 2896164                    /usr/lib/x86_64-linux-gnu/libstdc++.so.6.0.21
7f91c9930000-7f91c9934000 rw-p 00000000 00:00 0 
7f91c9934000-7f91ca57a000 r-xp 00000000 08:05 3414112                    /usr/lib/jvm/java-8-openjdk-amd64/jre/lib/amd64/server/libjvm.so
7f91ca57a000-7f91ca779000 ---p 00c46000 08:05 3414112                    /usr/lib/jvm/java-8-openjdk-amd64/jre/lib/amd64/server/libjvm.so
7f91ca779000-7f91ca80c000 r--p 00c45000 08:05 3414112                    /usr/lib/jvm/java-8-openjdk-amd64/jre/lib/amd64/server/libjvm.so
7f91ca80c000-7f91ca834000 rw-p 00cd8000 08:05 3414112                    /usr/lib/jvm/java-8-openjdk-amd64/jre/lib/amd64/server/libjvm.so
7f91ca834000-7f91ca864000 rw-p 00000000 00:00 0 
7f91ca864000-7f91ca87c000 r-xp 00000000 08:05 3412548                    /lib/x86_64-linux-gnu/libpthread-2.23.so
7f91ca87c000-7f91caa7b000 ---p 00018000 08:05 3412548                    /lib/x86_64-linux-gnu/libpthread-2.23.so
7f91caa7b000-7f91caa7c000 r--p 00017000 08:05 3412548                    /lib/x86_64-linux-gnu/libpthread-2.23.so
7f91caa7c000-7f91caa7d000 rw-p 00018000 08:05 3412548                    /lib/x86_64-linux-gnu/libpthread-2.23.so
7f91caa7d000-7f91caa81000 rw-p 00000000 00:00 0 
7f91caa81000-7f91caa84000 r-xp 00000000 08:05 3412426                    /lib/x86_64-linux-gnu/libdl-2.23.so
7f91caa84000-7f91cac83000 ---p 00003000 08:05 3412426                    /lib/x86_64-linux-gnu/libdl-2.23.so
7f91cac83000-7f91cac84000 r--p 00002000 08:05 3412426                    /lib/x86_64-linux-gnu/libdl-2.23.so
7f91cac84000-7f91cac85000 rw-p 00003000 08:05 3412426                    /lib/x86_64-linux-gnu/libdl-2.23.so
7f91cac85000-7f91cac9e000 r-xp 00000000 08:05 3412593                    /lib/x86_64-linux-gnu/libz.so.1.2.8
7f91cac9e000-7f91cae9d000 ---p 00019000 08:05 3412593                    /lib/x86_64-linux-gnu/libz.so.1.2.8
7f91cae9d000-7f91cae9e000 r--p 00018000 08:05 3412593                    /lib/x86_64-linux-gnu/libz.so.1.2.8
7f91cae9e000-7f91cae9f000 rw-p 00019000 08:05 3412593                    /lib/x86_64-linux-gnu/libz.so.1.2.8
7f91cae9f000-7f91cb05f000 r-xp 00000000 08:05 3412402                    /lib/x86_64-linux-gnu/libc-2.23.so
7f91cb05f000-7f91cb25e000 ---p 001c0000 08:05 3412402                    /lib/x86_64-linux-gnu/libc-2.23.so
7f91cb25e000-7f91cb262000 r--p 001bf000 08:05 3412402                    /lib/x86_64-linux-gnu/libc-2.23.so
7f91cb262000-7f91cb264000 rw-p 001c3000 08:05 3412402                    /lib/x86_64-linux-gnu/libc-2.23.so
7f91cb264000-7f91cb268000 rw-p 00000000 00:00 0 
7f91cb268000-7f91cb275000 r-xp 00000000 08:05 3414086                    /usr/lib/jvm/java-8-openjdk-amd64/jre/lib/amd64/jli/libjli.so
7f91cb275000-7f91cb475000 ---p 0000d000 08:05 3414086                    /usr/lib/jvm/java-8-openjdk-amd64/jre/lib/amd64/jli/libjli.so
7f91cb475000-7f91cb476000 r--p 0000d000 08:05 3414086                    /usr/lib/jvm/java-8-openjdk-amd64/jre/lib/amd64/jli/libjli.so
7f91cb476000-7f91cb477000 rw-p 0000e000 08:05 3414086                    /usr/lib/jvm/java-8-openjdk-amd64/jre/lib/amd64/jli/libjli.so
7f91cb477000-7f91cb49d000 r-xp 00000000 08:05 3412374                    /lib/x86_64-linux-gnu/ld-2.23.so
7f91cb49d000-7f91cb4a3000 r--s 002f8000 08:05 3281937                    /usr/lib/jvm/java-8-openjdk-amd64/jre/lib/charsets.jar
7f91cb4a3000-7f91cb4a9000 r--s 0003a000 08:05 3671825                    /usr/lib/jvm/java-8-openjdk-amd64/jre/lib/ext/sunjce_provider.jar
7f91cb4a9000-7f91cb4b3000 r--s 00116000 08:05 3671829                    /usr/lib/jvm/java-8-openjdk-amd64/jre/lib/ext/localedata.jar
7f91cb4b3000-7f91cb557000 rw-p 00000000 00:00 0 
7f91cb557000-7f91cb55a000 ---p 00000000 00:00 0 
7f91cb55a000-7f91cb65d000 rw-p 00000000 00:00 0 
7f91cb65e000-7f91cb65f000 r--s 00000000 08:05 3277204                    /usr/lib/jvm/java-8-openjdk-amd64/jre/lib/management-agent.jar
7f91cb65f000-7f91cb662000 r--s 0000f000 08:05 3671024                    /usr/lib/jvm/java-8-openjdk-amd64/jre/lib/ext/icedtea-sound.jar
7f91cb662000-7f91cb663000 r--s 00008000 08:05 3671828                    /usr/lib/jvm/java-8-openjdk-amd64/jre/lib/ext/sunec.jar
7f91cb663000-7f91cb665000 r--s 00001000 08:05 3671830                    /usr/lib/jvm/java-8-openjdk-amd64/jre/lib/ext/dnsns.jar
7f91cb665000-7f91cb666000 r--s 00010000 08:05 3671821                    /usr/lib/jvm/java-8-openjdk-amd64/jre/lib/ext/zipfs.jar
7f91cb666000-7f91cb66a000 r--s 00037000 08:05 3671832                    /usr/lib/jvm/java-8-openjdk-amd64/jre/lib/ext/sunpkcs11.jar
7f91cb66a000-7f91cb66b000 r--s 0000a000 08:05 3671824                    /usr/lib/jvm/java-8-openjdk-amd64/jre/lib/ext/jaccess.jar
7f91cb66b000-7f91cb690000 rw-p 00000000 00:00 0 
7f91cb690000-7f91cb698000 rw-s 00000000 08:05 7346283                    /tmp/hsperfdata_ukimiawz/32271
7f91cb698000-7f91cb699000 rw-p 00000000 00:00 0 
7f91cb699000-7f91cb69a000 r--p 00000000 00:00 0 
7f91cb69a000-7f91cb69c000 rw-p 00000000 00:00 0 
7f91cb69c000-7f91cb69d000 r--p 00025000 08:05 3412374                    /lib/x86_64-linux-gnu/ld-2.23.so
7f91cb69d000-7f91cb69e000 rw-p 00026000 08:05 3412374                    /lib/x86_64-linux-gnu/ld-2.23.so
7f91cb69e000-7f91cb69f000 rw-p 00000000 00:00 0 
7ffc562e6000-7ffc56307000 rw-p 00000000 00:00 0                          [stack]
7ffc563c3000-7ffc563c6000 r--p 00000000 00:00 0                          [vvar]
7ffc563c6000-7ffc563c8000 r-xp 00000000 00:00 0                          [vdso]
ffffffffff600000-ffffffffff601000 r-xp 00000000 00:00 0                  [vsyscall]

VM Arguments:
jvm_args: -Didea.launcher.port=7539 -Didea.launcher.bin.path=/home/ukimiawz/Documents/idea-IU-145.972.3/bin -Dfile.encoding=UTF-8 
java_command: com.intellij.rt.execution.application.AppMain com.dis2.canvas.TestCanvas
java_class_path (initial): /usr/lib/jvm/java-8-openjdk-amd64/jre/lib/charsets.jar:/usr/lib/jvm/java-8-openjdk-amd64/jre/lib/ext/cldrdata.jar:/usr/lib/jvm/java-8-openjdk-amd64/jre/lib/ext/dnsns.jar:/usr/lib/jvm/java-8-openjdk-amd64/jre/lib/ext/icedtea-sound.jar:/usr/lib/jvm/java-8-openjdk-amd64/jre/lib/ext/jaccess.jar:/usr/lib/jvm/java-8-openjdk-amd64/jre/lib/ext/localedata.jar:/usr/lib/jvm/java-8-openjdk-amd64/jre/lib/ext/nashorn.jar:/usr/lib/jvm/java-8-openjdk-amd64/jre/lib/ext/sunec.jar:/usr/lib/jvm/java-8-openjdk-amd64/jre/lib/ext/sunjce_provider.jar:/usr/lib/jvm/java-8-openjdk-amd64/jre/lib/ext/sunpkcs11.jar:/usr/lib/jvm/java-8-openjdk-amd64/jre/lib/ext/zipfs.jar:/usr/lib/jvm/java-8-openjdk-amd64/jre/lib/jce.jar:/usr/lib/jvm/java-8-openjdk-amd64/jre/lib/jsse.jar:/usr/lib/jvm/java-8-openjdk-amd64/jre/lib/management-agent.jar:/usr/lib/jvm/java-8-openjdk-amd64/jre/lib/resources.jar:/usr/lib/jvm/java-8-openjdk-amd64/jre/lib/rt.jar:/home/ukimiawz/RWTH/SS2016/DIS2/BunnyBlocks/out/production/BunnyBlocks:/home/ukimiawz/Documents/idea-IU-145.972.3/lib/idea_rt.jar
Launcher Type: SUN_STANDARD

Environment Variables:
PATH=/home/ukimiawz/Android/Sdk/platform-tools:/home/ukimiawz/Android/Sdk/tools:/home/ukimiawz/.local/share/umake/bin:/usr/local/sbin:/usr/local/bin:/usr/sbin:/usr/bin:/sbin:/bin:/usr/games:/usr/local/games:/snap/bin
LD_LIBRARY_PATH=/home/ukimiawz/Documents/idea-IU-145.972.3/bin:
SHELL=/bin/bash
DISPLAY=:0

Signal Handlers:
SIGSEGV: [libjvm.so+0xa5e090], sa_mask[0]=11111111011111111101111111111110, sa_flags=SA_RESTART|SA_SIGINFO
SIGBUS: [libjvm.so+0xa5e090], sa_mask[0]=11111111011111111101111111111110, sa_flags=SA_RESTART|SA_SIGINFO
SIGFPE: [libjvm.so+0x8a9800], sa_mask[0]=11111111011111111101111111111110, sa_flags=SA_RESTART|SA_SIGINFO
SIGPIPE: [libjvm.so+0x8a9800], sa_mask[0]=11111111011111111101111111111110, sa_flags=SA_RESTART|SA_SIGINFO
SIGXFSZ: [libjvm.so+0x8a9800], sa_mask[0]=11111111011111111101111111111110, sa_flags=SA_RESTART|SA_SIGINFO
SIGILL: [libjvm.so+0x8a9800], sa_mask[0]=11111111011111111101111111111110, sa_flags=SA_RESTART|SA_SIGINFO
SIGUSR1: SIG_DFL, sa_mask[0]=00000000000000000000000000000000, sa_flags=none
SIGUSR2: [libjvm.so+0x8a96b0], sa_mask[0]=00100000000000000000000000000000, sa_flags=SA_RESTART|SA_SIGINFO
SIGHUP: [libjvm.so+0x8a9b80], sa_mask[0]=11111111011111111101111111111110, sa_flags=SA_RESTART|SA_SIGINFO
SIGINT: [libjvm.so+0x8a9b80], sa_mask[0]=11111111011111111101111111111110, sa_flags=SA_RESTART|SA_SIGINFO
SIGTERM: [libjvm.so+0x8a9b80], sa_mask[0]=11111111011111111101111111111110, sa_flags=SA_RESTART|SA_SIGINFO
SIGQUIT: [libjvm.so+0x8a9b80], sa_mask[0]=11111111011111111101111111111110, sa_flags=SA_RESTART|SA_SIGINFO


---------------  S Y S T E M  ---------------

OS:DISTRIB_ID=Ubuntu
DISTRIB_RELEASE=16.04
DISTRIB_CODENAME=xenial
DISTRIB_DESCRIPTION="Ubuntu 16.04 LTS"

uname:Linux 4.6.0-040600-generic #201606100558 SMP Fri Jun 10 10:01:15 UTC 2016 x86_64
libc:glibc 2.23 NPTL 2.23 
rlimit: STACK 8192k, CORE 0k, NPROC 29700, NOFILE 65536, AS infinity
load average:2.00 2.08 2.01

/proc/meminfo:
MemTotal:        7643064 kB
MemFree:         5435276 kB
MemAvailable:    5559028 kB
Buffers:           26736 kB
Cached:           479792 kB
SwapCached:        58260 kB
Active:          1431876 kB
Inactive:         508524 kB
Active(anon):    1275664 kB
Inactive(anon):   366852 kB
Active(file):     156212 kB
Inactive(file):   141672 kB
Unevictable:         224 kB
Mlocked:             188 kB
SwapTotal:       7847932 kB
SwapFree:        6835392 kB
Dirty:               192 kB
Writeback:             0 kB
AnonPages:       1424612 kB
Mapped:           101184 kB
Shmem:            207348 kB
Slab:             164972 kB
SReclaimable:      95044 kB
SUnreclaim:        69928 kB
KernelStack:        7824 kB
PageTables:        15508 kB
NFS_Unstable:          0 kB
Bounce:                0 kB
WritebackTmp:          0 kB
CommitLimit:    11669464 kB
Committed_AS:    3592104 kB
VmallocTotal:   34359738367 kB
VmallocUsed:           0 kB
VmallocChunk:          0 kB
HardwareCorrupted:     0 kB
AnonHugePages:   1294336 kB
CmaTotal:              0 kB
CmaFree:               0 kB
HugePages_Total:       0
HugePages_Free:        0
HugePages_Rsvd:        0
HugePages_Surp:        0
Hugepagesize:       2048 kB
DirectMap4k:      356036 kB
DirectMap2M:     7493632 kB
DirectMap1G:     1048576 kB


CPU:total 4 (2 cores per cpu, 2 threads per core) family 6 model 78 stepping 3, cmov, cx8, fxsr, mmx, sse, sse2, sse3, ssse3, sse4.1, sse4.2, popcnt, avx, avx2, aes, clmul, erms, 3dnowpref, lzcnt, ht, tsc, tscinvbit, bmi1, bmi2, adx

/proc/cpuinfo:
processor	: 0
vendor_id	: GenuineIntel
cpu family	: 6
model		: 78
model name	: Intel(R) Core(TM) i5-6200U CPU @ 2.30GHz
stepping	: 3
microcode	: 0x6a
cpu MHz		: 2699.906
cache size	: 3072 KB
physical id	: 0
siblings	: 4
core id		: 0
cpu cores	: 2
apicid		: 0
initial apicid	: 0
fpu		: yes
fpu_exception	: yes
cpuid level	: 22
wp		: yes
flags		: fpu vme de pse tsc msr pae mce cx8 apic sep mtrr pge mca cmov pat pse36 clflush dts acpi mmx fxsr sse sse2 ss ht tm pbe syscall nx pdpe1gb rdtscp lm constant_tsc art arch_perfmon pebs bts rep_good nopl xtopology nonstop_tsc aperfmperf eagerfpu pni pclmulqdq dtes64 monitor ds_cpl vmx est tm2 ssse3 sdbg fma cx16 xtpr pdcm pcid sse4_1 sse4_2 x2apic movbe popcnt tsc_deadline_timer aes xsave avx f16c rdrand lahf_lm abm 3dnowprefetch epb intel_pt tpr_shadow vnmi flexpriority ept vpid fsgsbase tsc_adjust bmi1 avx2 smep bmi2 erms invpcid mpx rdseed adx smap clflushopt xsaveopt xsavec xgetbv1 dtherm ida arat pln pts hwp hwp_notify hwp_act_window hwp_epp
bugs		:
bogomips	: 4793.53
clflush size	: 64
cache_alignment	: 64
address sizes	: 39 bits physical, 48 bits virtual
power management:

processor	: 1
vendor_id	: GenuineIntel
cpu family	: 6
model		: 78
model name	: Intel(R) Core(TM) i5-6200U CPU @ 2.30GHz
stepping	: 3
microcode	: 0x6a
cpu MHz		: 2699.906
cache size	: 3072 KB
physical id	: 0
siblings	: 4
core id		: 1
cpu cores	: 2
apicid		: 2
initial apicid	: 2
fpu		: yes
fpu_exception	: yes
cpuid level	: 22
wp		: yes
flags		: fpu vme de pse tsc msr pae mce cx8 apic sep mtrr pge mca cmov pat pse36 clflush dts acpi mmx fxsr sse sse2 ss ht tm pbe syscall nx pdpe1gb rdtscp lm constant_tsc art arch_perfmon pebs bts rep_good nopl xtopology nonstop_tsc aperfmperf eagerfpu pni pclmulqdq dtes64 monitor ds_cpl vmx est tm2 ssse3 sdbg fma cx16 xtpr pdcm pcid sse4_1 sse4_2 x2apic movbe popcnt tsc_deadline_timer aes xsave avx f16c rdrand lahf_lm abm 3dnowprefetch epb intel_pt tpr_shadow vnmi flexpriority ept vpid fsgsbase tsc_adjust bmi1 avx2 smep bmi2 erms invpcid mpx rdseed adx smap clflushopt xsaveopt xsavec xgetbv1 dtherm ida arat pln pts hwp hwp_notify hwp_act_window hwp_epp
bugs		:
bogomips	: 4795.82
clflush size	: 64
cache_alignment	: 64
address sizes	: 39 bits physical, 48 bits virtual
power management:

processor	: 2
vendor_id	: GenuineIntel
cpu family	: 6
model		: 78
model name	: Intel(R) Core(TM) i5-6200U CPU @ 2.30GHz
stepping	: 3
microcode	: 0x6a
cpu MHz		: 2699.906
cache size	: 3072 KB
physical id	: 0
siblings	: 4
core id		: 0
cpu cores	: 2
apicid		: 1
initial apicid	: 1
fpu		: yes
fpu_exception	: yes
cpuid level	: 22
wp		: yes
flags		: fpu vme de pse tsc msr pae mce cx8 apic sep mtrr pge mca cmov pat pse36 clflush dts acpi mmx fxsr sse sse2 ss ht tm pbe syscall nx pdpe1gb rdtscp lm constant_tsc art arch_perfmon pebs bts rep_good nopl xtopology nonstop_tsc aperfmperf eagerfpu pni pclmulqdq dtes64 monitor ds_cpl vmx est tm2 ssse3 sdbg fma cx16 xtpr pdcm pcid sse4_1 sse4_2 x2apic movbe popcnt tsc_deadline_timer aes xsave avx f16c rdrand lahf_lm abm 3dnowprefetch epb intel_pt tpr_shadow vnmi flexpriority ept vpid fsgsbase tsc_adjust bmi1 avx2 smep bmi2 erms invpcid mpx rdseed adx smap clflushopt xsaveopt xsavec xgetbv1 dtherm ida arat pln pts hwp hwp_notify hwp_act_window hwp_epp
bugs		:
bogomips	: 4796.36
clflush size	: 64
cache_alignment	: 64
address sizes	: 39 bits physical, 48 bits virtual
power management:

processor	: 3
vendor_id	: GenuineIntel
cpu family	: 6
model		: 78
model name	: Intel(R) Core(TM) i5-6200U CPU @ 2.30GHz
stepping	: 3
microcode	: 0x6a
cpu MHz		: 2699.906
cache size	: 3072 KB
physical id	: 0
siblings	: 4
core id		: 1
cpu cores	: 2
apicid		: 3
initial apicid	: 3
fpu		: yes
fpu_exception	: yes
cpuid level	: 22
wp		: yes
flags		: fpu vme de pse tsc msr pae mce cx8 apic sep mtrr pge mca cmov pat pse36 clflush dts acpi mmx fxsr sse sse2 ss ht tm pbe syscall nx pdpe1gb rdtscp lm constant_tsc art arch_perfmon pebs bts rep_good nopl xtopology nonstop_tsc aperfmperf eagerfpu pni pclmulqdq dtes64 monitor ds_cpl vmx est tm2 ssse3 sdbg fma cx16 xtpr pdcm pcid sse4_1 sse4_2 x2apic movbe popcnt tsc_deadline_timer aes xsave avx f16c rdrand lahf_lm abm 3dnowprefetch epb intel_pt tpr_shadow vnmi flexpriority ept vpid fsgsbase tsc_adjust bmi1 avx2 smep bmi2 erms invpcid mpx rdseed adx smap clflushopt xsaveopt xsavec xgetbv1 dtherm ida arat pln pts hwp hwp_notify hwp_act_window hwp_epp
bugs		:
bogomips	: 4795.98
clflush size	: 64
cache_alignment	: 64
address sizes	: 39 bits physical, 48 bits virtual
power management:



Memory: 4k page, physical 7643064k(5435276k free), swap 7847932k(6835404k free)

vm_info: OpenJDK 64-Bit Server VM (25.91-b14) for linux-amd64 JRE (1.8.0_91-8u91-b14-0ubuntu4~16.04.1-b14), built on Apr 23 2016 07:03:54 by "buildd" with gcc 5.3.1 20160413

time: Mon Jul  4 08:42:57 2016
elapsed time: 119932 seconds (1d 9h 18m 52s)

